[2021-11-10 21:12:59]
Текст ошибки: Страница не найдена
| Файл: M:\OSPanel\domains\alphashop.uz\vendor\alphashop\core\Router.php
| Строка: 39
=====================================================================================
[2021-11-10 21:14:15]
Текст ошибки: Страница не найдена
| Файл: M:\OSPanel\domains\alphashop.uz\vendor\alphashop\core\Router.php
| Строка: 39
=====================================================================================
[2021-11-10 21:14:24]
Текст ошибки: Страница не найдена
| Файл: M:\OSPanel\domains\alphashop.uz\vendor\alphashop\core\Router.php
| Строка: 39
=====================================================================================
[2021-11-10 21:14:53]
Текст ошибки: Страница не найдена
| Файл: M:\OSPanel\domains\alphashop.uz\vendor\alphashop\core\Router.php
| Строка: 39
=====================================================================================
[2021-11-10 21:14:57]
Текст ошибки: Страница не найдена
| Файл: M:\OSPanel\domains\alphashop.uz\vendor\alphashop\core\Router.php
| Строка: 39
=====================================================================================
[2021-11-10 21:15:10]
Текст ошибки: Страница не найдена
| Файл: M:\OSPanel\domains\alphashop.uz\vendor\alphashop\core\Router.php
| Строка: 39
=====================================================================================
[2021-11-10 21:15:17]
Текст ошибки: Страница не найдена
| Файл: M:\OSPanel\domains\alphashop.uz\vendor\alphashop\core\Router.php
| Строка: 39
=====================================================================================
[2021-11-10 21:15:21]
Текст ошибки: Страница не найдена
| Файл: M:\OSPanel\domains\alphashop.uz\vendor\alphashop\core\Router.php
| Строка: 39
=====================================================================================
[2021-11-10 21:15:35]
Текст ошибки: Страница не найдена
| Файл: M:\OSPanel\domains\alphashop.uz\vendor\alphashop\core\Router.php
| Строка: 39
=====================================================================================
[2021-11-10 21:15:40]
Текст ошибки: Страница не найдена
| Файл: M:\OSPanel\domains\alphashop.uz\vendor\alphashop\core\Router.php
| Строка: 39
=====================================================================================
[2021-11-10 21:16:05]
Текст ошибки: Страница не найдена
| Файл: M:\OSPanel\domains\alphashop.uz\vendor\alphashop\core\Router.php
| Строка: 39
=====================================================================================
[2021-11-10 21:16:46]
Текст ошибки: Страница не найдена
| Файл: M:\OSPanel\domains\alphashop.uz\vendor\alphashop\core\Router.php
| Строка: 39
=====================================================================================
[2021-11-10 21:16:59]
Текст ошибки: Страница не найдена
| Файл: M:\OSPanel\domains\alphashop.uz\vendor\alphashop\core\Router.php
| Строка: 39
=====================================================================================
[2021-11-10 21:17:09]
Текст ошибки: Страница не найдена
| Файл: M:\OSPanel\domains\alphashop.uz\vendor\alphashop\core\Router.php
| Строка: 39
=====================================================================================
[2021-11-10 21:17:16]
Текст ошибки: Страница не найдена
| Файл: M:\OSPanel\domains\alphashop.uz\vendor\alphashop\core\Router.php
| Строка: 39
=====================================================================================
[2021-11-10 21:17:23]
Текст ошибки: Страница не найдена
| Файл: M:\OSPanel\domains\alphashop.uz\vendor\alphashop\core\Router.php
| Строка: 39
=====================================================================================
[2021-11-10 21:17:30]
Текст ошибки: Страница не найдена
| Файл: M:\OSPanel\domains\alphashop.uz\vendor\alphashop\core\Router.php
| Строка: 39
=====================================================================================
[2021-11-10 21:17:47]
Текст ошибки: Страница не найдена
| Файл: M:\OSPanel\domains\alphashop.uz\vendor\alphashop\core\Router.php
| Строка: 39
=====================================================================================
[2021-11-10 21:17:57]
Текст ошибки: Страница не найдена
| Файл: M:\OSPanel\domains\alphashop.uz\vendor\alphashop\core\Router.php
| Строка: 39
=====================================================================================
[2021-11-10 21:18:03]
Текст ошибки: Страница не найдена
| Файл: M:\OSPanel\domains\alphashop.uz\vendor\alphashop\core\Router.php
| Строка: 39
=====================================================================================
[2021-11-10 21:18:13]
Текст ошибки: Страница не найдена
| Файл: M:\OSPanel\domains\alphashop.uz\vendor\alphashop\core\Router.php
| Строка: 39
=====================================================================================
[2021-11-10 21:18:19]
Текст ошибки: Страница не найдена
| Файл: M:\OSPanel\domains\alphashop.uz\vendor\alphashop\core\Router.php
| Строка: 39
=====================================================================================
[2021-11-10 21:18:38]
Текст ошибки: Страница не найдена
| Файл: M:\OSPanel\domains\alphashop.uz\vendor\alphashop\core\Router.php
| Строка: 39
=====================================================================================
[2021-11-10 21:19:02]
Текст ошибки: Страница не найдена
| Файл: M:\OSPanel\domains\alphashop.uz\vendor\alphashop\core\Router.php
| Строка: 39
=====================================================================================
[2021-11-10 21:19:26]
Текст ошибки: Страница не найдена
| Файл: M:\OSPanel\domains\alphashop.uz\vendor\alphashop\core\Router.php
| Строка: 39
=====================================================================================
[2021-11-10 21:19:31]
Текст ошибки: Страница не найдена
| Файл: M:\OSPanel\domains\alphashop.uz\vendor\alphashop\core\Router.php
| Строка: 39
=====================================================================================
[2021-11-10 21:19:38]
Текст ошибки: Страница не найдена
| Файл: M:\OSPanel\domains\alphashop.uz\vendor\alphashop\core\Router.php
| Строка: 39
=====================================================================================
[2021-11-10 21:19:48]
Текст ошибки: Страница не найдена
| Файл: M:\OSPanel\domains\alphashop.uz\vendor\alphashop\core\Router.php
| Строка: 39
=====================================================================================
[2021-11-10 21:19:59]
Текст ошибки: Страница не найдена
| Файл: M:\OSPanel\domains\alphashop.uz\vendor\alphashop\core\Router.php
| Строка: 39
=====================================================================================
[2021-11-10 21:20:03]
Текст ошибки: Страница не найдена
| Файл: M:\OSPanel\domains\alphashop.uz\vendor\alphashop\core\Router.php
| Строка: 39
=====================================================================================
[2021-11-10 21:20:13]
Текст ошибки: Страница не найдена
| Файл: M:\OSPanel\domains\alphashop.uz\vendor\alphashop\core\Router.php
| Строка: 39
=====================================================================================
[2021-11-10 21:20:21]
Текст ошибки: Страница не найдена
| Файл: M:\OSPanel\domains\alphashop.uz\vendor\alphashop\core\Router.php
| Строка: 39
=====================================================================================
[2021-11-10 21:20:27]
Текст ошибки: Страница не найдена
| Файл: M:\OSPanel\domains\alphashop.uz\vendor\alphashop\core\Router.php
| Строка: 39
=====================================================================================
[2021-11-10 21:20:30]
Текст ошибки: Страница не найдена
| Файл: M:\OSPanel\domains\alphashop.uz\vendor\alphashop\core\Router.php
| Строка: 39
=====================================================================================
[2021-11-10 21:20:42]
Текст ошибки: Страница не найдена
| Файл: M:\OSPanel\domains\alphashop.uz\vendor\alphashop\core\Router.php
| Строка: 39
=====================================================================================
[2021-11-10 21:20:45]
Текст ошибки: Страница не найдена
| Файл: M:\OSPanel\domains\alphashop.uz\vendor\alphashop\core\Router.php
| Строка: 39
=====================================================================================
[2021-11-10 21:21:42]
Текст ошибки: Страница не найдена
| Файл: M:\OSPanel\domains\alphashop.uz\vendor\alphashop\core\Router.php
| Строка: 39
=====================================================================================
[2021-11-10 21:21:48]
Текст ошибки: Страница не найдена
| Файл: M:\OSPanel\domains\alphashop.uz\vendor\alphashop\core\Router.php
| Строка: 39
=====================================================================================
[2021-11-10 21:32:03]
Текст ошибки: Страница не найдена
| Файл: M:\OSPanel\domains\alphashop.uz\vendor\alphashop\core\Router.php
| Строка: 39
=====================================================================================
[2021-11-10 21:33:07]
Текст ошибки: Страница не найдена
| Файл: M:\OSPanel\domains\alphashop.uz\vendor\alphashop\core\Router.php
| Строка: 39
=====================================================================================
[2021-11-10 21:33:50]
Текст ошибки: Страница не найдена
| Файл: M:\OSPanel\domains\alphashop.uz\vendor\alphashop\core\Router.php
| Строка: 39
=====================================================================================
[2021-11-10 21:34:14]
Текст ошибки: Страница не найдена
| Файл: M:\OSPanel\domains\alphashop.uz\vendor\alphashop\core\Router.php
| Строка: 39
=====================================================================================
[2021-11-10 21:34:25]
Текст ошибки: Страница не найдена
| Файл: M:\OSPanel\domains\alphashop.uz\vendor\alphashop\core\Router.php
| Строка: 39
=====================================================================================
[2021-11-10 21:34:30]
Текст ошибки: Страница не найдена
| Файл: M:\OSPanel\domains\alphashop.uz\vendor\alphashop\core\Router.php
| Строка: 39
=====================================================================================
[2021-11-10 21:35:38]
Текст ошибки: Страница не найдена
| Файл: M:\OSPanel\domains\alphashop.uz\vendor\alphashop\core\Router.php
| Строка: 39
=====================================================================================
[2021-11-10 21:36:24]
Текст ошибки: Страница не найдена
| Файл: M:\OSPanel\domains\alphashop.uz\vendor\alphashop\core\Router.php
| Строка: 39
=====================================================================================
[2021-11-10 21:37:00]
Текст ошибки: Страница не найдена
| Файл: M:\OSPanel\domains\alphashop.uz\vendor\alphashop\core\Router.php
| Строка: 39
=====================================================================================
[2021-11-10 21:37:30]
Текст ошибки: Страница не найдена
| Файл: M:\OSPanel\domains\alphashop.uz\vendor\alphashop\core\Router.php
| Строка: 39
=====================================================================================
[2021-11-10 21:37:38]
Текст ошибки: Страница не найдена
| Файл: M:\OSPanel\domains\alphashop.uz\vendor\alphashop\core\Router.php
| Строка: 39
=====================================================================================
[2021-11-10 21:37:43]
Текст ошибки: Страница не найдена
| Файл: M:\OSPanel\domains\alphashop.uz\vendor\alphashop\core\Router.php
| Строка: 39
=====================================================================================
[2021-11-10 21:37:48]
Текст ошибки: Страница не найдена
| Файл: M:\OSPanel\domains\alphashop.uz\vendor\alphashop\core\Router.php
| Строка: 39
=====================================================================================
[2021-11-10 21:38:10]
Текст ошибки: Страница не найдена
| Файл: M:\OSPanel\domains\alphashop.uz\vendor\alphashop\core\Router.php
| Строка: 39
=====================================================================================
[2021-11-10 21:38:17]
Текст ошибки: Страница не найдена
| Файл: M:\OSPanel\domains\alphashop.uz\vendor\alphashop\core\Router.php
| Строка: 39
=====================================================================================
[2021-11-10 21:38:33]
Текст ошибки: Страница не найдена
| Файл: M:\OSPanel\domains\alphashop.uz\vendor\alphashop\core\Router.php
| Строка: 39
=====================================================================================
[2021-11-10 21:38:52]
Текст ошибки: Страница не найдена
| Файл: M:\OSPanel\domains\alphashop.uz\vendor\alphashop\core\Router.php
| Строка: 39
=====================================================================================
[2021-11-10 21:39:14]
Текст ошибки: Страница не найдена
| Файл: M:\OSPanel\domains\alphashop.uz\vendor\alphashop\core\Router.php
| Строка: 39
=====================================================================================
[2021-11-10 21:39:22]
Текст ошибки: Страница не найдена
| Файл: M:\OSPanel\domains\alphashop.uz\vendor\alphashop\core\Router.php
| Строка: 39
=====================================================================================
[2021-11-10 21:39:31]
Текст ошибки: Страница не найдена
| Файл: M:\OSPanel\domains\alphashop.uz\vendor\alphashop\core\Router.php
| Строка: 39
=====================================================================================
[2021-11-10 21:43:22]
Текст ошибки: Страница не найдена
| Файл: M:\OSPanel\domains\alphashop.uz\vendor\alphashop\core\Router.php
| Строка: 39
=====================================================================================
[2021-11-10 21:43:45]
Текст ошибки: Страница не найдена
| Файл: M:\OSPanel\domains\alphashop.uz\vendor\alphashop\core\Router.php
| Строка: 39
=====================================================================================
[2021-11-10 21:44:15]
Текст ошибки: Страница не найдена
| Файл: M:\OSPanel\domains\alphashop.uz\vendor\alphashop\core\Router.php
| Строка: 39
=====================================================================================
[2021-11-10 21:44:20]
Текст ошибки: Страница не найдена
| Файл: M:\OSPanel\domains\alphashop.uz\vendor\alphashop\core\Router.php
| Строка: 39
=====================================================================================
[2021-11-10 21:44:27]
Текст ошибки: Страница не найдена
| Файл: M:\OSPanel\domains\alphashop.uz\vendor\alphashop\core\Router.php
| Строка: 39
=====================================================================================
[2021-11-10 21:45:19]
Текст ошибки: Страница не найдена
| Файл: M:\OSPanel\domains\alphashop.uz\vendor\alphashop\core\Router.php
| Строка: 39
=====================================================================================
